{
  "RSpec": {
    "coverage": {
      "/Users/sbell/Documents/Makers/acebook-theUndefinedMethod/app/models/user.rb": {
        "lines": [
          null,
          null,
          1,
          null,
          null,
          1,
          null,
          null,
          1,
          1,
          null,
          null
        ]
      },
      "/Users/sbell/Documents/Makers/acebook-theUndefinedMethod/app/models/application_record.rb": {
        "lines": [
          null,
          null,
          1,
          1,
          null
        ]
      },
      "/Users/sbell/Documents/Makers/acebook-theUndefinedMethod/app/helpers/application_helper.rb": {
        "lines": [
          null,
          null,
          1,
          null
        ]
      },
      "/Users/sbell/Documents/Makers/acebook-theUndefinedMethod/app/helpers/like_posts_helper.rb": {
        "lines": [
          1,
          null
        ]
      },
      "/Users/sbell/Documents/Makers/acebook-theUndefinedMethod/app/controllers/comments_controller.rb": {
        "lines": [
          null,
          null,
          1,
          1,
          null,
          1,
          13,
          13,
          null,
          null,
          null,
          13,
          13,
          null,
          null,
          1,
          14,
          14,
          null,
          null,
          1,
          0,
          null,
          null,
          1,
          0,
          0,
          0,
          null,
          null,
          1,
          1,
          1,
          1,
          null,
          null,
          null
        ]
      },
      "/Users/sbell/Documents/Makers/acebook-theUndefinedMethod/app/controllers/application_controller.rb": {
        "lines": [
          null,
          null,
          1,
          null,
          1,
          1,
          1,
          null,
          1,
          null,
          1,
          null,
          1,
          128,
          128,
          null,
          null,
          null,
          null
        ]
      },
      "/Users/sbell/Documents/Makers/acebook-theUndefinedMethod/app/controllers/like_posts_controller.rb": {
        "lines": [
          1,
          null,
          1,
          4,
          null,
          4,
          3,
          3,
          null,
          1,
          1,
          null,
          null,
          null,
          1,
          null,
          1,
          3,
          null,
          null,
          1,
          1,
          null,
          null,
          null
        ]
      },
      "/Users/sbell/Documents/Makers/acebook-theUndefinedMethod/app/controllers/posts_controller.rb": {
        "lines": [
          null,
          null,
          1,
          1,
          null,
          null,
          1,
          27,
          null,
          null,
          1,
          26,
          26,
          null,
          null,
          1,
          98,
          null,
          null,
          1,
          3,
          null,
          null,
          1,
          1,
          1,
          1,
          null,
          null,
          1,
          1,
          1,
          null,
          1,
          1,
          1,
          null,
          null,
          null,
          1,
          null,
          1,
          26,
          null,
          null,
          null,
          null
        ]
      },
      "/Users/sbell/Documents/Makers/acebook-theUndefinedMethod/app/models/comment.rb": {
        "lines": [
          1,
          222,
          1,
          1,
          null,
          1,
          19,
          null,
          null,
          null
        ]
      },
      "/Users/sbell/Documents/Makers/acebook-theUndefinedMethod/app/models/post.rb": {
        "lines": [
          null,
          null,
          1,
          206,
          1,
          1,
          1,
          null,
          1,
          0,
          null,
          null,
          1,
          48,
          null,
          null,
          null,
          null
        ]
      },
      "/Users/sbell/Documents/Makers/acebook-theUndefinedMethod/app/models/like_comment.rb": {
        "lines": [
          1,
          1,
          1,
          null
        ]
      },
      "/Users/sbell/Documents/Makers/acebook-theUndefinedMethod/app/models/like_post.rb": {
        "lines": [
          null,
          null,
          1,
          1,
          1,
          null
        ]
      },
      "/Users/sbell/Documents/Makers/acebook-theUndefinedMethod/app/controllers/like_comments_controller.rb": {
        "lines": [
          1,
          null,
          1,
          4,
          null,
          4,
          3,
          3,
          null,
          1,
          1,
          null,
          null,
          null,
          1,
          null,
          1,
          3,
          null,
          null,
          1,
          1,
          null,
          null,
          null
        ]
      },
      "/Users/sbell/Documents/Makers/acebook-theUndefinedMethod/app/mailers/application_mailer.rb": {
        "lines": [
          null,
          null,
          null,
          null,
          null,
          null
        ],
        "branches": {
        }
      },
      "/Users/sbell/Documents/Makers/acebook-theUndefinedMethod/app/jobs/application_job.rb": {
        "lines": [
          null,
          null,
          null,
          null,
          null,
          null,
          null
        ],
        "branches": {
        }
      },
      "/Users/sbell/Documents/Makers/acebook-theUndefinedMethod/app/channels/application_cable/connection.rb": {
        "lines": [
          null,
          null,
          null,
          null,
          null,
          null
        ],
        "branches": {
        }
      },
      "/Users/sbell/Documents/Makers/acebook-theUndefinedMethod/app/channels/application_cable/channel.rb": {
        "lines": [
          null,
          null,
          null,
          null,
          null,
          null
        ],
        "branches": {
        }
      }
    },
    "timestamp": 1587045170
  }
}
