{
  "RSpec": {
    "coverage": {
      "/Users/nimasoufiani/education/Makers/course/week8/acebook-rails-template/app/models/user.rb": {
        "lines": [
          1,
          null,
          null,
          1,
          null,
          null
        ]
      },
      "/Users/nimasoufiani/education/Makers/course/week8/acebook-rails-template/app/models/application_record.rb": {
        "lines": [
          1,
          1,
          null
        ]
      },
      "/Users/nimasoufiani/education/Makers/course/week8/acebook-rails-template/app/helpers/application_helper.rb": {
        "lines": [
          1,
          null
        ]
      },
      "/Users/nimasoufiani/education/Makers/course/week8/acebook-rails-template/app/controllers/posts_controller.rb": {
        "lines": [
          1,
          1,
          2,
          null,
          null,
          1,
          3,
          3,
          null,
          null,
          1,
          7,
          null,
          null,
          1,
          null,
          1,
          3,
          null,
          null
        ]
      },
      "/Users/nimasoufiani/education/Makers/course/week8/acebook-rails-template/app/controllers/application_controller.rb": {
        "lines": [
          1,
          null,
          1,
          1,
          null
        ]
      },
      "/Users/nimasoufiani/education/Makers/course/week8/acebook-rails-template/app/models/post.rb": {
        "lines": [
          1,
          1,
          null
        ]
      },
      "/Users/nimasoufiani/education/Makers/course/week8/acebook-rails-template/app/mailers/application_mailer.rb": {
        "lines": [
          0,
          0,
          0,
          0
        ],
        "branches": {
        }
      },
      "/Users/nimasoufiani/education/Makers/course/week8/acebook-rails-template/app/jobs/application_job.rb": {
        "lines": [
          0,
          0
        ],
        "branches": {
        }
      },
      "/Users/nimasoufiani/education/Makers/course/week8/acebook-rails-template/app/channels/application_cable/connection.rb": {
        "lines": [
          0,
          0,
          0,
          0
        ],
        "branches": {
        }
      },
      "/Users/nimasoufiani/education/Makers/course/week8/acebook-rails-template/app/channels/application_cable/channel.rb": {
        "lines": [
          0,
          0,
          0,
          0
        ],
        "branches": {
        }
      }
    },
    "timestamp": 1586343696
  }
}
